[06-Feb-2012 14:15:40] PHP Warning:  Invalid argument supplied for foreach() in /home/sean/Dropbox/projects/gridgame/html/ajax/testSqLite.php on line 25
[06-Feb-2012 14:15:53] PHP Warning:  Invalid argument supplied for foreach() in /home/sean/Dropbox/projects/gridgame/html/ajax/testSqLite.php on line 25
[06-Feb-2012 14:20:59] PHP Warning:  Invalid argument supplied for foreach() in /home/sean/Dropbox/projects/gridgame/html/ajax/testSqLite.php on line 25
[06-Feb-2012 14:21:04] PHP Warning:  Invalid argument supplied for foreach() in /home/sean/Dropbox/projects/gridgame/html/ajax/testSqLite.php on line 25
[06-Feb-2012 17:28:23] PHP Notice:  Undefined index: message in /home/sean/Dropbox/projects/gridgame/html/ajax/server.php on line 5
[06-Feb-2012 17:28:23] PHP Notice:  Undefined index: uniqId in /home/sean/Dropbox/projects/gridgame/html/ajax/server.php on line 6
[06-Feb-2012 17:28:23] PHP Notice:  Undefined variable: messageNameToId in /home/sean/Dropbox/projects/gridgame/html/ajax/server.php on line 46
[06-Feb-2012 17:29:17] PHP Notice:  Undefined index: message in /home/sean/Dropbox/projects/gridgame/html/ajax/server.php on line 5
[06-Feb-2012 17:29:17] PHP Notice:  Undefined index: uniqId in /home/sean/Dropbox/projects/gridgame/html/ajax/server.php on line 6
[06-Feb-2012 17:29:17] PHP Notice:  Undefined variable: messageNameToId in /home/sean/Dropbox/projects/gridgame/html/ajax/server.php on line 46
[06-Feb-2012 17:34:37] PHP Notice:  Undefined variable: messageNameToId in /home/sean/Dropbox/projects/gridgame/html/ajax/server.php on line 46
[06-Feb-2012 17:35:12] PHP Notice:  Undefined variable: messageNameToId in /home/sean/Dropbox/projects/gridgame/html/ajax/server.php on line 46
[06-Feb-2012 17:35:42] PHP Notice:  Undefined offset: 0 in /home/sean/Dropbox/projects/gridgame/html/ajax/server.php on line 47
[06-Feb-2012 17:35:42] PHP Notice:  Undefined offset: 1 in /home/sean/Dropbox/projects/gridgame/html/ajax/server.php on line 47
[06-Feb-2012 17:35:42] PHP Notice:  Undefined offset: 2 in /home/sean/Dropbox/projects/gridgame/html/ajax/server.php on line 47
[06-Feb-2012 17:35:42] PHP Notice:  Undefined offset: 3 in /home/sean/Dropbox/projects/gridgame/html/ajax/server.php on line 47
[06-Feb-2012 17:35:42] PHP Notice:  Undefined offset: 4 in /home/sean/Dropbox/projects/gridgame/html/ajax/server.php on line 47
[06-Feb-2012 17:35:42] PHP Notice:  Undefined offset: 5 in /home/sean/Dropbox/projects/gridgame/html/ajax/server.php on line 47
[06-Feb-2012 17:35:42] PHP Notice:  Undefined offset: 6 in /home/sean/Dropbox/projects/gridgame/html/ajax/server.php on line 47
[06-Feb-2012 17:36:24] PHP Notice:  Undefined offset: 0 in /home/sean/Dropbox/projects/gridgame/html/ajax/server.php on line 49
[06-Feb-2012 17:36:24] PHP Notice:  Undefined offset: 1 in /home/sean/Dropbox/projects/gridgame/html/ajax/server.php on line 49
[06-Feb-2012 17:36:24] PHP Notice:  Undefined offset: 2 in /home/sean/Dropbox/projects/gridgame/html/ajax/server.php on line 49
[06-Feb-2012 17:36:24] PHP Notice:  Undefined offset: 3 in /home/sean/Dropbox/projects/gridgame/html/ajax/server.php on line 49
[06-Feb-2012 17:36:24] PHP Notice:  Undefined offset: 4 in /home/sean/Dropbox/projects/gridgame/html/ajax/server.php on line 49
[06-Feb-2012 17:36:24] PHP Notice:  Undefined offset: 5 in /home/sean/Dropbox/projects/gridgame/html/ajax/server.php on line 49
[06-Feb-2012 17:36:24] PHP Notice:  Undefined offset: 6 in /home/sean/Dropbox/projects/gridgame/html/ajax/server.php on line 49
[06-Feb-2012 17:37:29] PHP Parse error:  syntax error, unexpected ';' in /home/sean/Dropbox/projects/gridgame/html/ajax/server.php on line 48
[06-Feb-2012 17:37:53] PHP Parse error:  syntax error, unexpected ';' in /home/sean/Dropbox/projects/gridgame/html/ajax/server.php on line 48
[06-Feb-2012 17:38:00] PHP Parse error:  syntax error, unexpected ';' in /home/sean/Dropbox/projects/gridgame/html/ajax/server.php on line 48
[06-Feb-2012 17:38:18] PHP Notice:  Undefined offset: 0 in /home/sean/Dropbox/projects/gridgame/html/ajax/server.php on line 49
[06-Feb-2012 17:38:18] PHP Notice:  Undefined offset: 1 in /home/sean/Dropbox/projects/gridgame/html/ajax/server.php on line 49
[06-Feb-2012 17:38:18] PHP Notice:  Undefined offset: 2 in /home/sean/Dropbox/projects/gridgame/html/ajax/server.php on line 49
[06-Feb-2012 17:38:18] PHP Notice:  Undefined offset: 3 in /home/sean/Dropbox/projects/gridgame/html/ajax/server.php on line 49
[06-Feb-2012 17:38:18] PHP Notice:  Undefined offset: 4 in /home/sean/Dropbox/projects/gridgame/html/ajax/server.php on line 49
[06-Feb-2012 17:38:18] PHP Notice:  Undefined offset: 5 in /home/sean/Dropbox/projects/gridgame/html/ajax/server.php on line 49
[06-Feb-2012 17:38:18] PHP Notice:  Undefined offset: 6 in /home/sean/Dropbox/projects/gridgame/html/ajax/server.php on line 49
[06-Feb-2012 17:38:24] PHP Notice:  Undefined offset: 0 in /home/sean/Dropbox/projects/gridgame/html/ajax/server.php on line 49
[06-Feb-2012 17:38:24] PHP Notice:  Undefined offset: 1 in /home/sean/Dropbox/projects/gridgame/html/ajax/server.php on line 49
[06-Feb-2012 17:38:24] PHP Notice:  Undefined offset: 2 in /home/sean/Dropbox/projects/gridgame/html/ajax/server.php on line 49
[06-Feb-2012 17:38:24] PHP Notice:  Undefined offset: 3 in /home/sean/Dropbox/projects/gridgame/html/ajax/server.php on line 49
[06-Feb-2012 17:38:24] PHP Notice:  Undefined offset: 4 in /home/sean/Dropbox/projects/gridgame/html/ajax/server.php on line 49
[06-Feb-2012 17:38:24] PHP Notice:  Undefined offset: 5 in /home/sean/Dropbox/projects/gridgame/html/ajax/server.php on line 49
[06-Feb-2012 17:38:24] PHP Notice:  Undefined offset: 6 in /home/sean/Dropbox/projects/gridgame/html/ajax/server.php on line 49
[06-Feb-2012 17:45:01] PHP Notice:  Undefined index: bs in /home/sean/Dropbox/projects/gridgame/html/ajax/server.php on line 51
[06-Feb-2012 17:56:44] PHP Notice:  Undefined variable: insert in /home/sean/Dropbox/projects/gridgame/html/ajax/server.php on line 25
[06-Feb-2012 17:56:44] PHP Warning:  PDO::exec(): SQLSTATE[HY000]: General error: trying to execute an empty query in /home/sean/Dropbox/projects/gridgame/html/ajax/server.php on line 25
